<?xml version="1.0" encoding="UTF-8"?>
<testsuite xmlns:xsi="http://www.w3.org/2001/XMLSchema-instance" xsi:noNamespaceSchemaLocation="https://maven.apache.org/surefire/maven-surefire-plugin/xsd/surefire-test-report-3.0.xsd" version="3.0" name="com.bank.common.crypto.CryptoUtilTest" time="1.416" tests="5" errors="0" skipped="0" failures="0">
  <properties>
[...]
</properties>
  <testcase name="encryptDecryptRoundTripsToTheOriginalPlaintext" classname="com.bank.common.crypto.CryptoUtilTest" time="0.27"/>
  <testcase name="decryptingWithTheWrongKeyFails" classname="com.bank.common.crypto.CryptoUtilTest" time="0.144"/>
  <testcase name="sameInputEncryptsDifferentlyEachTimeBecauseOfRandomIv" classname="com.bank.common.crypto.CryptoUtilTest" time="0.003"/>
  <testcase name="hmacVerificationAcceptsAValidSignatureAndRejectsAnInvalidOne" classname="com.bank.common.crypto.CryptoUtilTest" time="0.008"/>
  <testcase name="tamperedCiphertextFailsToDecryptInsteadOfReturningCorruptedData" classname="com.bank.common.crypto.CryptoUtilTest" time="0.003"/>
</testsuite>