<?xml version="1.0" encoding="UTF-8"?>
<testsuite xmlns:xsi="http://www.w3.org/2001/XMLSchema-instance" xsi:noNamespaceSchemaLocation="https://maven.apache.org/surefire/maven-surefire-plugin/xsd/surefire-test-report-3.0.xsd" version="3.0" name="com.bank.audit.AuditEventServiceTest" time="17.268" tests="2" errors="0" skipped="0" failures="0">
  <properties>
[...]
</properties>
  <testcase name="eventsAreQueryableByUser" classname="com.bank.audit.AuditEventServiceTest" time="2.09">
    <system-out><![CDATA[
  .   ____          _            __ _ _
 /\\ / ___'_ __ _ _(_)_ __  __ _ \ \ \ \
( ( )\___ | '_ | '_| | '_ \/ _` | \ \ \ \
 \\/  ___)| |_)| | | | | || (_| |  ) ) ) )
  '  |____| .__|_| |_|_| |_\__, | / / / /
 =========|_|==============|___/=/_/_/_/

 :: Spring Boot ::                (v3.3.4)

2026-08-17T13:15:39.187+05:30  INFO 23536 --- [           main] [                                                 ] com.bank.audit.AuditEventServiceTest     : Starting AuditEventServiceTest using Java 21.0.11 with PID 23536 (started by vengala.reddy in D:\Projects\Java_AI_Banking\Enterprise-Banking-AI\banking-services\audit-service)
2026-08-17T13:15:39.193+05:30  INFO 23536 --- [           main] [                                                 ] com.bank.audit.AuditEventServiceTest     : No active profile set, falling back to 1 default profile: "default"
2026-08-17T13:15:41.859+05:30  INFO 23536 --- [           main] [                                                 ] .s.d.r.c.RepositoryConfigurationDelegate : Bootstrapping Spring Data JPA repositories in DEFAULT mode.
2026-08-17T13:15:41.973+05:30  INFO 23536 --- [           main] [                                                 ] .s.d.r.c.RepositoryConfigurationDelegate : Finished Spring Data repository scanning in 99 ms. Found 1 JPA repository interface.
2026-08-17T13:15:43.892+05:30  INFO 23536 --- [           main] [                                                 ] o.hibernate.jpa.internal.util.LogHelper  : HHH000204: Processing PersistenceUnitInfo [name: default]
2026-08-17T13:15:44.132+05:30  INFO 23536 --- [           main] [                                                 ] org.hibernate.Version                    : HHH000412: Hibernate ORM core version 6.5.3.Final
2026-08-17T13:15:44.253+05:30  INFO 23536 --- [           main] [                                                 ] o.h.c.internal.RegionFactoryInitiator    : HHH000026: Second-level cache disabled
2026-08-17T13:15:45.010+05:30  INFO 23536 --- [           main] [                                                 ] o.s.o.j.p.SpringPersistenceUnitInfo      : No LoadTimeWeaver setup: ignoring JPA class transformer
2026-08-17T13:15:45.069+05:30  INFO 23536 --- [           main] [                                                 ] com.zaxxer.hikari.HikariDataSource       : HikariPool-1 - Starting...
2026-08-17T13:15:45.369+05:30  INFO 23536 --- [           main] [                                                 ] com.zaxxer.hikari.pool.HikariPool        : HikariPool-1 - Added connection conn0: url=jdbc:h2:mem:auditdb-test user=SA
2026-08-17T13:15:45.371+05:30  INFO 23536 --- [           main] [                                                 ] com.zaxxer.hikari.HikariDataSource       : HikariPool-1 - Start completed.
2026-08-17T13:15:46.669+05:30  INFO 23536 --- [           main] [                                                 ] o.h.e.t.j.p.i.JtaPlatformInitiator       : HHH000489: No JTA platform available (set 'hibernate.transaction.jta.platform' to enable JTA platform integration)
2026-08-17T13:15:46.750+05:30  INFO 23536 --- [           main] [                                                 ] j.LocalContainerEntityManagerFactoryBean : Initialized JPA EntityManagerFactory for persistence unit 'default'
2026-08-17T13:15:48.629+05:30  WARN 23536 --- [           main] [                                                 ] JpaBaseConfiguration$JpaWebConfiguration : spring.jpa.open-in-view is enabled by default. Therefore, database queries may be performed during view rendering. Explicitly configure spring.jpa.open-in-view to disable this warning
2026-08-17T13:15:51.826+05:30  INFO 23536 --- [           main] [                                                 ] o.s.b.a.e.web.EndpointLinksResolver      : Exposing 1 endpoint beneath base path '/actuator'
2026-08-17T13:15:52.221+05:30  INFO 23536 --- [           main] [                                                 ] o.a.k.clients.consumer.ConsumerConfig    : ConsumerConfig values: 
	allow.auto.create.topics = true
	auto.commit.interval.ms = 5000
	auto.include.jmx.reporter = true
	auto.offset.reset = latest
	bootstrap.servers = [localhost:9092]
	check.crcs = true
	client.dns.lookup = use_all_dns_ips
	client.id = consumer-audit-service-consumer-1
	client.rack = 
	connections.max.idle.ms = 540000
	default.api.timeout.ms = 60000
	enable.auto.commit = false
	enable.metrics.push = true
	exclude.internal.topics = true
	fetch.max.bytes = 52428800
	fetch.max.wait.ms = 500
	fetch.min.bytes = 1
	group.id = audit-service-consumer
	group.instance.id = null
	group.protocol = classic
	group.remote.assignor = null
	heartbeat.interval.ms = 3000
	interceptor.classes = []
	internal.leave.group.on.close = true
	internal.throw.on.fetch.stable.offset.unsupported = false
	isolation.level = read_uncommitted
	key.deserializer = class org.apache.kafka.common.serialization.StringDeserializer
	max.partition.fetch.bytes = 1048576
	max.poll.interval.ms = 300000
	max.poll.records = 500
	metadata.max.age.ms = 300000
	metric.reporters = []
	metrics.num.samples = 2
	metrics.recording.level = INFO
	metrics.sample.window.ms = 30000
	partition.assignment.strategy = [class org.apache.kafka.clients.consumer.RangeAssignor, class org.apache.kafka.clients.consumer.CooperativeStickyAssignor]
	receive.buffer.bytes = 65536
	reconnect.backoff.max.ms = 1000
	reconnect.backoff.ms = 50
	request.timeout.ms = 30000
	retry.backoff.max.ms = 1000
	retry.backoff.ms = 100
	sasl.client.callback.handler.class = null
	sasl.jaas.config = null
	sasl.kerberos.kinit.cmd = /usr/bin/kinit
	sasl.kerberos.min.time.before.relogin = 60000
	sasl.kerberos.service.name = null
	sasl.kerberos.ticket.renew.jitter = 0.05
	sasl.kerberos.ticket.renew.window.factor = 0.8
	sasl.login.callback.handler.class = null
	sasl.login.class = null
	sasl.login.connect.timeout.ms = null
	sasl.login.read.timeout.ms = null
	sasl.login.refresh.buffer.seconds = 300
	sasl.login.refresh.min.period.seconds = 60
	sasl.login.refresh.window.factor = 0.8
	sasl.login.refresh.window.jitter = 0.05
	sasl.login.retry.backoff.max.ms = 10000
	sasl.login.retry.backoff.ms = 100
	sasl.mechanism = GSSAPI
	sasl.oauthbearer.clock.skew.seconds = 30
	sasl.oauthbearer.expected.audience = null
	sasl.oauthbearer.expected.issuer = null
	sasl.oauthbearer.jwks.endpoint.refresh.ms = 3600000
	sasl.oauthbearer.jwks.endpoint.retry.backoff.max.ms = 10000
	sasl.oauthbearer.jwks.endpoint.retry.backoff.ms = 100
	sasl.oauthbearer.jwks.endpoint.url = null
	sasl.oauthbearer.scope.claim.name = scope
	sasl.oauthbearer.sub.claim.name = sub
	sasl.oauthbearer.token.endpoint.url = null
	security.protocol = PLAINTEXT
	security.providers = null
	send.buffer.bytes = 131072
	session.timeout.ms = 45000
	socket.connection.setup.timeout.max.ms = 30000
	socket.connection.setup.timeout.ms = 10000
	ssl.cipher.suites = null
	ssl.enabled.protocols = [TLSv1.2, TLSv1.3]
	ssl.endpoint.identification.algorithm = https
	ssl.engine.factory.class = null
	ssl.key.password = null
	ssl.keymanager.algorithm = SunX509
	ssl.keystore.certificate.chain = null
	ssl.keystore.key = null
	ssl.keystore.location = null
	ssl.keystore.password = null
	ssl.keystore.type = JKS
	ssl.protocol = TLSv1.3
	ssl.provider = null
	ssl.secure.random.implementation = null
	ssl.trustmanager.algorithm = PKIX
	ssl.truststore.certificates = null
	ssl.truststore.location = null
	ssl.truststore.password = null
	ssl.truststore.type = JKS
	value.deserializer = class org.apache.kafka.common.serialization.StringDeserializer

2026-08-17T13:15:52.351+05:30  INFO 23536 --- [           main] [                                                 ] o.a.k.c.t.i.KafkaMetricsCollector        : initializing Kafka metrics collector
2026-08-17T13:15:52.801+05:30  INFO 23536 --- [           main] [                                                 ] o.a.kafka.common.utils.AppInfoParser     : Kafka version: 3.7.1
2026-08-17T13:15:52.801+05:30  INFO 23536 --- [           main] [                                                 ] o.a.kafka.common.utils.AppInfoParser     : Kafka commitId: e2494e6ffb89f828
2026-08-17T13:15:52.801+05:30  INFO 23536 --- [           main] [                                                 ] o.a.kafka.common.utils.AppInfoParser     : Kafka startTimeMs: 1786952752798
2026-08-17T13:15:52.843+05:30  INFO 23536 --- [           main] [                                                 ] o.a.k.c.c.internals.LegacyKafkaConsumer  : [Consumer clientId=consumer-audit-service-consumer-1, groupId=audit-service-consumer] Subscribed to topic(s): banking.audit.events
2026-08-17T13:15:52.910+05:30  INFO 23536 --- [           main] [                                                 ] com.bank.audit.AuditEventServiceTest     : Started AuditEventServiceTest in 14.445 seconds (process running for 15.994)
2026-08-17T13:15:53.634+05:30  INFO 23536 --- [ntainer#0-0-C-1] [                                                 ] org.apache.kafka.clients.NetworkClient   : [Consumer clientId=consumer-audit-service-consumer-1, groupId=audit-service-consumer] Node -1 disconnected.
2026-08-17T13:15:53.639+05:30  WARN 23536 --- [ntainer#0-0-C-1] [                                                 ] org.apache.kafka.clients.NetworkClient   : [Consumer clientId=consumer-audit-service-consumer-1, groupId=audit-service-consumer] Connection to node -1 (localhost/127.0.0.1:9092) could not be established. Node may not be available.
2026-08-17T13:15:53.640+05:30  WARN 23536 --- [ntainer#0-0-C-1] [                                                 ] org.apache.kafka.clients.NetworkClient   : [Consumer clientId=consumer-audit-service-consumer-1, groupId=audit-service-consumer] Bootstrap broker localhost:9092 (id: -1 rack: null) disconnected
2026-08-17T13:15:53.776+05:30  INFO 23536 --- [ntainer#0-0-C-1] [                                                 ] org.apache.kafka.clients.NetworkClient   : [Consumer clientId=consumer-audit-service-consumer-1, groupId=audit-service-consumer] Node -1 disconnected.
2026-08-17T13:15:53.776+05:30  WARN 23536 --- [ntainer#0-0-C-1] [                                                 ] org.apache.kafka.clients.NetworkClient   : [Consumer clientId=consumer-audit-service-consumer-1, groupId=audit-service-consumer] Connection to node -1 (localhost/127.0.0.1:9092) could not be established. Node may not be available.
2026-08-17T13:15:53.777+05:30  WARN 23536 --- [ntainer#0-0-C-1] [                                                 ] org.apache.kafka.clients.NetworkClient   : [Consumer clientId=consumer-audit-service-consumer-1, groupId=audit-service-consumer] Bootstrap broker localhost:9092 (id: -1 rack: null) disconnected
2026-08-17T13:15:53.902+05:30  INFO 23536 --- [ntainer#0-0-C-1] [                                                 ] org.apache.kafka.clients.NetworkClient   : [Consumer clientId=consumer-audit-service-consumer-1, groupId=audit-service-consumer] Node -1 disconnected.
2026-08-17T13:15:53.902+05:30  WARN 23536 --- [ntainer#0-0-C-1] [                                                 ] org.apache.kafka.clients.NetworkClient   : [Consumer clientId=consumer-audit-service-consumer-1, groupId=audit-service-consumer] Connection to node -1 (localhost/127.0.0.1:9092) could not be established. Node may not be available.
2026-08-17T13:15:53.903+05:30  WARN 23536 --- [ntainer#0-0-C-1] [                                                 ] org.apache.kafka.clients.NetworkClient   : [Consumer clientId=consumer-audit-service-consumer-1, groupId=audit-service-consumer] Bootstrap broker localhost:9092 (id: -1 rack: null) disconnected
2026-08-17T13:15:54.124+05:30  INFO 23536 --- [ntainer#0-0-C-1] [                                                 ] org.apache.kafka.clients.NetworkClient   : [Consumer clientId=consumer-audit-service-consumer-1, groupId=audit-service-consumer] Node -1 disconnected.
2026-08-17T13:15:54.125+05:30  WARN 23536 --- [ntainer#0-0-C-1] [                                                 ] org.apache.kafka.clients.NetworkClient   : [Consumer clientId=consumer-audit-service-consumer-1, groupId=audit-service-consumer] Connection to node -1 (localhost/127.0.0.1:9092) could not be established. Node may not be available.
2026-08-17T13:15:54.125+05:30  WARN 23536 --- [ntainer#0-0-C-1] [                                                 ] org.apache.kafka.clients.NetworkClient   : [Consumer clientId=consumer-audit-service-consumer-1, groupId=audit-service-consumer] Bootstrap broker localhost:9092 (id: -1 rack: null) disconnected
2026-08-17T13:15:54.567+05:30  INFO 23536 --- [ntainer#0-0-C-1] [                                                 ] org.apache.kafka.clients.NetworkClient   : [Consumer clientId=consumer-audit-service-consumer-1, groupId=audit-service-consumer] Node -1 disconnected.
2026-08-17T13:15:54.567+05:30  WARN 23536 --- [ntainer#0-0-C-1] [                                                 ] org.apache.kafka.clients.NetworkClient   : [Consumer clientId=consumer-audit-service-consumer-1, groupId=audit-service-consumer] Connection to node -1 (localhost/127.0.0.1:9092) could not be established. Node may not be available.
2026-08-17T13:15:54.568+05:30  WARN 23536 --- [ntainer#0-0-C-1] [                                                 ] org.apache.kafka.clients.NetworkClient   : [Consumer clientId=consumer-audit-service-consumer-1, groupId=audit-service-consumer] Bootstrap broker localhost:9092 (id: -1 rack: null) disconnected
]]></system-out>
    <system-err><![CDATA[WARNING: A Java agent has been loaded dynamically (C:\Users\vengala.reddy\.m2\repository\net\bytebuddy\byte-buddy-agent\1.14.19\byte-buddy-agent-1.14.19.jar)
WARNING: If a serviceability tool is in use, please run with -XX:+EnableDynamicAgentLoading to hide this warning
WARNING: If a serviceability tool is not in use, please run with -Djdk.instrument.traceUsage for more information
WARNING: Dynamic loading of agents will be disallowed by default in a future release
]]></system-err>
  </testcase>
  <testcase name="sensitiveFieldsAreRedactedBeforeStorage" classname="com.bank.audit.AuditEventServiceTest" time="0.021"/>
</testsuite>